2021-02-12 20:25:02 INFO  DispatcherServlet:525 - Initializing Servlet 'dispatcherServlet'
2021-02-12 20:25:02 INFO  DispatcherServlet:547 - Completed initialization in 10 ms
2021-02-12 20:25:02 INFO  ServiceLogAspect:42 - ====== 开始执行 class com.imooc.service.impl.CategoryServiceImpl.queryAllRootLevelCat ======
2021-02-12 20:25:02 INFO  ServiceLogAspect:42 - ====== 开始执行 class com.imooc.service.impl.CarouselServiceImpl.queryAll ======
2021-02-12 20:25:02 INFO  HikariDataSource:110 - DateSourceHikariCP - Starting...
2021-02-12 20:25:03 INFO  HikariDataSource:123 - DateSourceHikariCP - Start completed.
2021-02-12 20:25:03 INFO  ServiceLogAspect:60 -  === 执行结束，耗时：268 毫秒 ===
2021-02-12 20:25:03 INFO  ServiceLogAspect:60 -  === 执行结束，耗时：268 毫秒 ===
2021-02-12 20:25:03 INFO  ServiceLogAspect:42 - ====== 开始执行 class com.imooc.service.impl.CategoryServiceImpl.getSixNewItemsLazy ======
2021-02-12 20:25:03 INFO  ServiceLogAspect:60 -  === 执行结束，耗时：11 毫秒 ===
2021-02-12 20:25:06 INFO  ServiceLogAspect:42 - ====== 开始执行 class com.imooc.service.impl.CategoryServiceImpl.getSubCatList ======
2021-02-12 20:25:06 INFO  ServiceLogAspect:60 -  === 执行结束，耗时：8 毫秒 ===
2021-02-12 20:25:06 INFO  ServiceLogAspect:42 - ====== 开始执行 class com.imooc.service.impl.CategoryServiceImpl.getSubCatList ======
2021-02-12 20:25:06 INFO  ServiceLogAspect:60 -  === 执行结束，耗时：3 毫秒 ===
2021-02-12 20:25:06 INFO  ServiceLogAspect:42 - ====== 开始执行 class com.imooc.service.impl.CategoryServiceImpl.getSubCatList ======
2021-02-12 20:25:06 INFO  ServiceLogAspect:60 -  === 执行结束，耗时：4 毫秒 ===
2021-02-12 20:25:07 INFO  ServiceLogAspect:42 - ====== 开始执行 class com.imooc.service.impl.CategoryServiceImpl.getSubCatList ======
2021-02-12 20:25:07 INFO  ServiceLogAspect:60 -  === 执行结束，耗时：3 毫秒 ===
2021-02-12 20:25:09 INFO  ServiceLogAspect:42 - ====== 开始执行 class com.imooc.service.impl.ItemServiceImpl.queryItemsBySpecIds ======
2021-02-12 20:25:09 INFO  ServiceLogAspect:60 -  === 执行结束，耗时：14 毫秒 ===
